0 info it worked if it ends with ok
1 verbose cli [ '/usr/bin/node',
1 verbose cli   '/usr/bin/npm',
1 verbose cli   'install',
1 verbose cli   'travis-encrypt',
1 verbose cli   '-g' ]
2 info using npm@1.4.28
3 info using node@v0.10.37
4 verbose node symlink /usr/bin/node
5 verbose cache add [ 'travis-encrypt', null ]
6 verbose cache add name=undefined spec="travis-encrypt" args=["travis-encrypt",null]
7 verbose parsed url { protocol: null,
7 verbose parsed url   slashes: null,
7 verbose parsed url   auth: null,
7 verbose parsed url   host: null,
7 verbose parsed url   port: null,
7 verbose parsed url   hostname: null,
7 verbose parsed url   hash: null,
7 verbose parsed url   search: null,
7 verbose parsed url   query: null,
7 verbose parsed url   pathname: 'travis-encrypt',
7 verbose parsed url   path: 'travis-encrypt',
7 verbose parsed url   href: 'travis-encrypt' }
8 silly lockFile 963ab7fc-travis-encrypt travis-encrypt
9 verbose lock travis-encrypt /home/juan/.npm/963ab7fc-travis-encrypt.lock
10 silly lockFile 963ab7fc-travis-encrypt travis-encrypt
11 silly lockFile 963ab7fc-travis-encrypt travis-encrypt
12 verbose addNamed [ 'travis-encrypt', '' ]
13 verbose addNamed [ null, '*' ]
14 silly lockFile 55054a8c-travis-encrypt travis-encrypt@
15 verbose lock travis-encrypt@ /home/juan/.npm/55054a8c-travis-encrypt.lock
16 silly addNameRange { name: 'travis-encrypt', range: '*', hasData: false }
17 verbose request where is /travis-encrypt
18 verbose request registry https://registry.npmjs.org/
19 verbose request id d42c84c6d103a15b
20 verbose url raw /travis-encrypt
21 verbose url resolving [ 'https://registry.npmjs.org/', './travis-encrypt' ]
22 verbose url resolved https://registry.npmjs.org/travis-encrypt
23 verbose request where is https://registry.npmjs.org/travis-encrypt
24 info trying registry request attempt 1 at 01:30:42
25 http GET https://registry.npmjs.org/travis-encrypt
26 http 200 https://registry.npmjs.org/travis-encrypt
27 silly registry.get cb [ 200,
27 silly registry.get   { server: 'CouchDB/1.5.0 (Erlang OTP/R16B03)',
27 silly registry.get     etag: '"5K203RVDDV48WPG5HT3FGPRZZ"',
27 silly registry.get     'content-type': 'application/json',
27 silly registry.get     'cache-control': 'max-age=60',
27 silly registry.get     'content-length': '20420',
27 silly registry.get     'accept-ranges': 'bytes',
27 silly registry.get     date: 'Thu, 23 Jul 2015 08:30:42 GMT',
27 silly registry.get     via: '1.1 varnish',
27 silly registry.get     age: '0',
27 silly registry.get     connection: 'keep-alive',
27 silly registry.get     'x-served-by': 'cache-dfw1834-DFW',
27 silly registry.get     'x-cache': 'MISS',
27 silly registry.get     'x-cache-hits': '0',
27 silly registry.get     'x-timer': 'S1437640242.435361,VS0,VE129',
27 silly registry.get     vary: 'Accept' } ]
28 silly addNameRange number 2 { name: 'travis-encrypt', range: '*', hasData: true }
29 silly addNameRange versions [ 'travis-encrypt',
29 silly addNameRange   [ '0.1.0',
29 silly addNameRange     '0.1.1',
29 silly addNameRange     '0.1.2',
29 silly addNameRange     '0.1.3',
29 silly addNameRange     '0.1.4',
29 silly addNameRange     '0.2.0',
29 silly addNameRange     '0.2.1',
29 silly addNameRange     '0.3.0',
29 silly addNameRange     '1.0.0',
29 silly addNameRange     '1.0.1',
29 silly addNameRange     '1.0.2',
29 silly addNameRange     '1.1.0',
29 silly addNameRange     '1.1.1' ] ]
30 verbose addNamed [ 'travis-encrypt', '1.1.1' ]
31 verbose addNamed [ '1.1.1', '1.1.1' ]
32 silly lockFile 54982e9b-travis-encrypt-1-1-1 travis-encrypt@1.1.1
33 verbose lock travis-encrypt@1.1.1 /home/juan/.npm/54982e9b-travis-encrypt-1-1-1.lock
34 silly lockFile 907616c2-encrypt-travis-encrypt-1-1-1-tgz https://registry.npmjs.org/travis-encrypt/-/travis-encrypt-1.1.1.tgz
35 verbose lock https://registry.npmjs.org/travis-encrypt/-/travis-encrypt-1.1.1.tgz /home/juan/.npm/907616c2-encrypt-travis-encrypt-1-1-1-tgz.lock
36 verbose addRemoteTarball [ 'https://registry.npmjs.org/travis-encrypt/-/travis-encrypt-1.1.1.tgz',
36 verbose addRemoteTarball   '6c801aabd3933c1922646083596e323df84a3456' ]
37 info retry fetch attempt 1 at 01:30:42
38 verbose fetch to= /tmp/npm-2771-Fnsg8FlB/registry.npmjs.org/travis-encrypt/-/travis-encrypt-1.1.1.tgz
39 http GET https://registry.npmjs.org/travis-encrypt/-/travis-encrypt-1.1.1.tgz
40 http 200 https://registry.npmjs.org/travis-encrypt/-/travis-encrypt-1.1.1.tgz
41 silly lockFile 907616c2-encrypt-travis-encrypt-1-1-1-tgz https://registry.npmjs.org/travis-encrypt/-/travis-encrypt-1.1.1.tgz
42 silly lockFile 907616c2-encrypt-travis-encrypt-1-1-1-tgz https://registry.npmjs.org/travis-encrypt/-/travis-encrypt-1.1.1.tgz
43 silly lockFile 54982e9b-travis-encrypt-1-1-1 travis-encrypt@1.1.1
44 silly lockFile 54982e9b-travis-encrypt-1-1-1 travis-encrypt@1.1.1
45 silly lockFile 55054a8c-travis-encrypt travis-encrypt@
46 silly lockFile 55054a8c-travis-encrypt travis-encrypt@
47 silly resolved [ { name: 'travis-encrypt',
47 silly resolved     version: '1.1.1',
47 silly resolved     description: 'Encrypts data for use in your travis-ci yml configuration file',
47 silly resolved     repository:
47 silly resolved      { type: 'git',
47 silly resolved        url: 'git://github.com/pwmckenna/node-travis-encrypt.git' },
47 silly resolved     keywords:
47 silly resolved      [ 'travis-pro',
47 silly resolved        'travis',
47 silly resolved        'travis-ci',
47 silly resolved        'encryption',
47 silly resolved        '.travis.yml' ],
47 silly resolved     author: { name: 'Patrick Williams', email: 'pwmckenna@gmail.com' },
47 silly resolved     license: 'BSD',
47 silly resolved     main: 'lib/travis-encrypt',
47 silly resolved     bin: { 'travis-encrypt': './bin/travis-encrypt-cli.js' },
47 silly resolved     homepage: 'https://github.com/pwmckenna/node-travis-encrypt',
47 silly resolved     bugs: { url: 'https://github.com/pwmckenna/node-travis-encrypt/issues' },
47 silly resolved     dependencies:
47 silly resolved      { colors: '~0.6.0-1',
47 silly resolved        'deep-property': '^1.1.0',
47 silly resolved        'read-yaml': '^1.0.0',
47 silly resolved        'travis-ci': '^2.0.3',
47 silly resolved        ursa: '~0.8.0',
47 silly resolved        'write-yaml': '^0.1.2',
47 silly resolved        yargs: '^1.3.3' },
47 silly resolved     devDependencies:
47 silly resolved      { grunt: '^0.4.5',
47 silly resolved        'grunt-contrib-jshint': '0.1.1rc6',
47 silly resolved        'grunt-release': '^0.7.0',
47 silly resolved        matchdep: '~0.1.1' },
47 silly resolved     engines: { node: '>=0.8.0' },
47 silly resolved     gitHead: 'abb46a97d459e9b376757074b2e8d9b8272548aa',
47 silly resolved     _id: 'travis-encrypt@1.1.1',
47 silly resolved     scripts: {},
47 silly resolved     _shasum: '6c801aabd3933c1922646083596e323df84a3456',
47 silly resolved     _from: 'travis-encrypt@',
47 silly resolved     _npmVersion: '1.4.28',
47 silly resolved     _npmUser: { name: 'pwmckenna', email: 'pwmckenna@gmail.com' },
47 silly resolved     maintainers: [ [Object] ],
47 silly resolved     dist:
47 silly resolved      { shasum: '6c801aabd3933c1922646083596e323df84a3456',
47 silly resolved        tarball: 'http://registry.npmjs.org/travis-encrypt/-/travis-encrypt-1.1.1.tgz' },
47 silly resolved     directories: {},
47 silly resolved     _resolved: 'https://registry.npmjs.org/travis-encrypt/-/travis-encrypt-1.1.1.tgz' } ]
48 info install travis-encrypt@1.1.1 into /usr/lib
49 info installOne travis-encrypt@1.1.1
50 verbose lib/node_modules/travis-encrypt unbuild
51 verbose tar unpack /home/juan/.npm/travis-encrypt/1.1.1/package.tgz
52 silly lockFile 6d6a2923--lib-node-modules-travis-encrypt tar:///usr/lib/node_modules/travis-encrypt
53 verbose lock tar:///usr/lib/node_modules/travis-encrypt /home/juan/.npm/6d6a2923--lib-node-modules-travis-encrypt.lock
54 silly lockFile 8bfadff9-travis-encrypt-1-1-1-package-tgz tar:///home/juan/.npm/travis-encrypt/1.1.1/package.tgz
55 verbose lock tar:///home/juan/.npm/travis-encrypt/1.1.1/package.tgz /home/juan/.npm/8bfadff9-travis-encrypt-1-1-1-package-tgz.lock
56 silly gunzTarPerm modes [ '775', '664' ]
57 error Error: EACCES, mkdir '/usr/lib/node_modules/travis-encrypt'
57 error  { [Error: EACCES, mkdir '/usr/lib/node_modules/travis-encrypt']
57 error   errno: 3,
57 error   code: 'EACCES',
57 error   path: '/usr/lib/node_modules/travis-encrypt',
57 error   fstream_type: 'Directory',
57 error   fstream_path: '/usr/lib/node_modules/travis-encrypt',
57 error   fstream_class: 'DirWriter',
57 error   fstream_stack:
57 error    [ '/usr/lib/node_modules/npm/node_modules/fstream/lib/dir-writer.js:36:23',
57 error      '/usr/lib/node_modules/npm/node_modules/mkdirp/index.js:46:53',
57 error      'Object.oncomplete (fs.js:108:15)' ] }
58 error Please try running this command again as root/Administrator.
59 error System Linux 3.16.0-44-generic
60 error command "/usr/bin/node" "/usr/bin/npm" "install" "travis-encrypt" "-g"
61 error cwd /home/juan/Documents/saasbook/sinatra-saas-hangperson-ci
62 error node -v v0.10.37
63 error npm -v 1.4.28
64 error path /usr/lib/node_modules/travis-encrypt
65 error fstream_path /usr/lib/node_modules/travis-encrypt
66 error fstream_type Directory
67 error fstream_class DirWriter
68 error code EACCES
69 error errno 3
70 error stack Error: EACCES, mkdir '/usr/lib/node_modules/travis-encrypt'
71 error fstream_stack /usr/lib/node_modules/npm/node_modules/fstream/lib/dir-writer.js:36:23
71 error fstream_stack /usr/lib/node_modules/npm/node_modules/mkdirp/index.js:46:53
71 error fstream_stack Object.oncomplete (fs.js:108:15)
72 verbose exit [ 3, true ]
